yarn run v1.22.22
warning ../../../package.json: No license field
$ craco start
[baseline-browser-mapping] The data in this module is over two months old.  To ensure accurate Baseline data, please update: `npm i baseline-browser-mapping@latest -D`
(node:15349) [DEP_WEBPACK_DEV_SERVER_ON_AFTER_SETUP_MIDDLEWARE] DeprecationWarning: 'onAfterSetupMiddleware' option is deprecated. Please use the 'setupMiddlewares' option.
(Use `node --trace-deprecation ...` to show where the warning was created)
(node:15349) [DEP_WEBPACK_DEV_SERVER_ON_BEFORE_SETUP_MIDDLEWARE] DeprecationWarning: 'onBeforeSetupMiddleware' option is deprecated. Please use the 'setupMiddlewares' option.
Starting the development server...

Compiled successfully!

You can now view frontend in the browser.

  Local:            http://localhost:3000
  On Your Network:  http://172.20.10.2:3000

Note that the development build is not optimized.
To create a production build, use yarn build.

webpack compiled successfully
Compiling...
Compiled successfully!
webpack compiled successfully
Compiling...
Failed to compile.

[eslint] 
src/features/contracts/UgovorForm.jsx
Syntax error: Identifier 'Input' has already been declared. (899:9) (899:9)
ERROR in ./src/features/contracts/UgovorForm.jsx
Module build failed (from ./node_modules/babel-loader/lib/index.js):
SyntaxError: /Users/gs/Documents/MK-proptech/frontend/src/features/contracts/UgovorForm.jsx: Identifier 'Input' has already been declared. (899:9)

  897 |
  898 | export default UgovorForm;
> 899 | import { Input } from "../../components/ui/input";
      |          ^
  900 | import { Label } from "../../components/ui/label";
  901 | import {
  902 |   Select,
    at constructor (/Users/gs/Documents/MK-proptech/frontend/node_modules/@babel/parser/lib/index.js:367:19)
    at FlowParserMixin.raise (/Users/gs/Documents/MK-proptech/frontend/node_modules/@babel/parser/lib/index.js:6630:19)
    at FlowScopeHandler.checkRedeclarationInScope (/Users/gs/Documents/MK-proptech/frontend/node_modules/@babel/parser/lib/index.js:1647:19)
    at FlowScopeHandler.declareName (/Users/gs/Documents/MK-proptech/frontend/node_modules/@babel/parser/lib/index.js:1613:12)
    at FlowScopeHandler.declareName (/Users/gs/Documents/MK-proptech/frontend/node_modules/@babel/parser/lib/index.js:1714:11)
    at FlowParserMixin.declareNameFromIdentifier (/Users/gs/Documents/MK-proptech/frontend/node_modules/@babel/parser/lib/index.js:7594:16)
    at FlowParserMixin.checkIdentifier (/Users/gs/Documents/MK-proptech/frontend/node_modules/@babel/parser/lib/index.js:7590:12)
    at FlowParserMixin.checkLVal (/Users/gs/Documents/MK-proptech/frontend/node_modules/@babel/parser/lib/index.js:7529:12)
    at FlowParserMixin.finishImportSpecifier (/Users/gs/Documents/MK-proptech/frontend/node_modules/@babel/parser/lib/index.js:14275:10)
    at FlowParserMixin.parseImportSpecifier (/Users/gs/Documents/MK-proptech/frontend/node_modules/@babel/parser/lib/index.js:3489:17)
    at FlowParserMixin.parseNamedImportSpecifiers (/Users/gs/Documents/MK-proptech/frontend/node_modules/@babel/parser/lib/index.js:14411:36)
    at FlowParserMixin.parseImportSpecifiersAndAfter (/Users/gs/Documents/MK-proptech/frontend/node_modules/@babel/parser/lib/index.js:14251:37)
    at FlowParserMixin.parseImport (/Users/gs/Documents/MK-proptech/frontend/node_modules/@babel/parser/lib/index.js:14244:17)
    at FlowParserMixin.parseStatementContent (/Users/gs/Documents/MK-proptech/frontend/node_modules/@babel/parser/lib/index.js:12885:27)
    at FlowParserMixin.parseStatementLike (/Users/gs/Documents/MK-proptech/frontend/node_modules/@babel/parser/lib/index.js:12776:17)
    at FlowParserMixin.parseStatementLike (/Users/gs/Documents/MK-proptech/frontend/node_modules/@babel/parser/lib/index.js:2949:24)
    at FlowParserMixin.parseModuleItem (/Users/gs/Documents/MK-proptech/frontend/node_modules/@babel/parser/lib/index.js:12753:17)
    at FlowParserMixin.parseBlockOrModuleBlockBody (/Users/gs/Documents/MK-proptech/frontend/node_modules/@babel/parser/lib/index.js:13325:36)
    at FlowParserMixin.parseBlockBody (/Users/gs/Documents/MK-proptech/frontend/node_modules/@babel/parser/lib/index.js:13318:10)
    at FlowParserMixin.parseProgram (/Users/gs/Documents/MK-proptech/frontend/node_modules/@babel/parser/lib/index.js:12634:10)
    at FlowParserMixin.parseTopLevel (/Users/gs/Documents/MK-proptech/frontend/node_modules/@babel/parser/lib/index.js:12624:25)
    at FlowParserMixin.parseTopLevel (/Users/gs/Documents/MK-proptech/frontend/node_modules/@babel/parser/lib/index.js:3718:28)
    at FlowParserMixin.parse (/Users/gs/Documents/MK-proptech/frontend/node_modules/@babel/parser/lib/index.js:14501:10)
    at parse (/Users/gs/Documents/MK-proptech/frontend/node_modules/@babel/parser/lib/index.js:14535:38)
    at parser (/Users/gs/Documents/MK-proptech/frontend/node_modules/@babel/core/lib/parser/index.js:41:34)
    at parser.next (<anonymous>)
    at normalizeFile (/Users/gs/Documents/MK-proptech/frontend/node_modules/@babel/core/lib/transformation/normalize-file.js:64:37)
    at normalizeFile.next (<anonymous>)
    at run (/Users/gs/Documents/MK-proptech/frontend/node_modules/@babel/core/lib/transformation/index.js:22:50)
    at run.next (<anonymous>)
    at transform (/Users/gs/Documents/MK-proptech/frontend/node_modules/@babel/core/lib/transform.js:22:33)
    at transform.next (<anonymous>)
    at step (/Users/gs/Documents/MK-proptech/frontend/node_modules/gensync/index.js:261:32)
    at /Users/gs/Documents/MK-proptech/frontend/node_modules/gensync/index.js:273:13
    at async.call.result.err.err (/Users/gs/Documents/MK-proptech/frontend/node_modules/gensync/index.js:223:11)

ERROR in [eslint] 
src/features/contracts/UgovorForm.jsx
  Line 899:9:  Parsing error: Identifier 'Input' has already been declared. (899:9)

webpack compiled with 2 errors
Compiling...
Compiled successfully!
webpack compiled successfully
Compiling...
Compiled successfully!
webpack compiled successfully
Compiling...
Compiled successfully!
webpack compiled successfully
Compiling...
Compiled successfully!
webpack compiled successfully
Compiling...
Compiled successfully!
webpack compiled successfully
Compiling...
Compiled successfully!
webpack compiled successfully
Compiling...
Compiled successfully!
webpack compiled successfully
Compiling...
Compiled successfully!
webpack compiled successfully
Compiling...
Compiled successfully!
webpack compiled successfully
Compiling...
Compiled successfully!
webpack compiled successfully
Compiling...
Compiled successfully!
webpack compiled successfully
Compiling...
Compiled successfully!
webpack compiled successfully
Compiling...
Compiled successfully!
webpack compiled successfully
Compiling...
Compiled successfully!
webpack compiled successfully
Compiling...
Compiled successfully!
webpack compiled successfully
Compiling...
Failed to compile.

[eslint] 
src/features/properties/NekretninePage.jsx
Syntax error: Unexpected token (306:2) (306:2)
ERROR in ./src/features/properties/NekretninePage.jsx
Module build failed (from ./node_modules/babel-loader/lib/index.js):
SyntaxError: /Users/gs/Documents/MK-proptech/frontend/src/features/properties/NekretninePage.jsx: Unexpected token (306:2)

  304 |   return (
  305 |   // Delete Dialog State
> 306 |   const [deleteDialogOpen, setDeleteDialogOpen] = useState(false);
      |   ^
  307 |   const [propertyToDelete, setPropertyToDelete] = useState(null);
  308 |
  309 |   const confirmDelete = async () => {
    at constructor (/Users/gs/Documents/MK-proptech/frontend/node_modules/@babel/parser/lib/index.js:367:19)
    at FlowParserMixin.raise (/Users/gs/Documents/MK-proptech/frontend/node_modules/@babel/parser/lib/index.js:6630:19)
    at FlowParserMixin.unexpected (/Users/gs/Documents/MK-proptech/frontend/node_modules/@babel/parser/lib/index.js:6650:16)
    at FlowParserMixin.parseExprAtom (/Users/gs/Documents/MK-proptech/frontend/node_modules/@babel/parser/lib/index.js:11451:16)
    at FlowParserMixin.parseExprAtom (/Users/gs/Documents/MK-proptech/frontend/node_modules/@babel/parser/lib/index.js:4797:20)
    at FlowParserMixin.parseExprSubscripts (/Users/gs/Documents/MK-proptech/frontend/node_modules/@babel/parser/lib/index.js:11085:23)
    at FlowParserMixin.parseUpdate (/Users/gs/Documents/MK-proptech/frontend/node_modules/@babel/parser/lib/index.js:11070:21)
    at FlowParserMixin.parseMaybeUnary (/Users/gs/Documents/MK-proptech/frontend/node_modules/@babel/parser/lib/index.js:11050:23)
    at FlowParserMixin.parseMaybeUnaryOrPrivate (/Users/gs/Documents/MK-proptech/frontend/node_modules/@babel/parser/lib/index.js:10903:61)
    at FlowParserMixin.parseExprOps (/Users/gs/Documents/MK-proptech/frontend/node_modules/@babel/parser/lib/index.js:10908:23)
    at FlowParserMixin.parseMaybeConditional (/Users/gs/Documents/MK-proptech/frontend/node_modules/@babel/parser/lib/index.js:10885:23)
    at FlowParserMixin.parseMaybeAssign (/Users/gs/Documents/MK-proptech/frontend/node_modules/@babel/parser/lib/index.js:10835:21)
    at FlowParserMixin.parseMaybeAssign (/Users/gs/Documents/MK-proptech/frontend/node_modules/@babel/parser/lib/index.js:3582:18)
    at /Users/gs/Documents/MK-proptech/frontend/node_modules/@babel/parser/lib/index.js:10804:39
    at FlowParserMixin.allowInAnd (/Users/gs/Documents/MK-proptech/frontend/node_modules/@babel/parser/lib/index.js:12436:12)
    at FlowParserMixin.parseMaybeAssignAllowIn (/Users/gs/Documents/MK-proptech/frontend/node_modules/@babel/parser/lib/index.js:10804:17)
    at FlowParserMixin.parseMaybeAssignAllowInOrVoidPattern (/Users/gs/Documents/MK-proptech/frontend/node_modules/@babel/parser/lib/index.js:12503:17)
    at FlowParserMixin.parseParenAndDistinguishExpression (/Users/gs/Documents/MK-proptech/frontend/node_modules/@babel/parser/lib/index.js:11683:28)
    at FlowParserMixin.parseParenAndDistinguishExpression (/Users/gs/Documents/MK-proptech/frontend/node_modules/@babel/parser/lib/index.js:3624:18)
    at FlowParserMixin.parseExprAtom (/Users/gs/Documents/MK-proptech/frontend/node_modules/@babel/parser/lib/index.js:11335:23)
    at FlowParserMixin.parseExprAtom (/Users/gs/Documents/MK-proptech/frontend/node_modules/@babel/parser/lib/index.js:4797:20)
    at FlowParserMixin.parseExprSubscripts (/Users/gs/Documents/MK-proptech/frontend/node_modules/@babel/parser/lib/index.js:11085:23)
    at FlowParserMixin.parseUpdate (/Users/gs/Documents/MK-proptech/frontend/node_modules/@babel/parser/lib/index.js:11070:21)
    at FlowParserMixin.parseMaybeUnary (/Users/gs/Documents/MK-proptech/frontend/node_modules/@babel/parser/lib/index.js:11050:23)
    at FlowParserMixin.parseMaybeUnaryOrPrivate (/Users/gs/Documents/MK-proptech/frontend/node_modules/@babel/parser/lib/index.js:10903:61)
    at FlowParserMixin.parseExprOps (/Users/gs/Documents/MK-proptech/frontend/node_modules/@babel/parser/lib/index.js:10908:23)
    at FlowParserMixin.parseMaybeConditional (/Users/gs/Documents/MK-proptech/frontend/node_modules/@babel/parser/lib/index.js:10885:23)
    at FlowParserMixin.parseMaybeAssign (/Users/gs/Documents/MK-proptech/frontend/node_modules/@babel/parser/lib/index.js:10835:21)
    at FlowParserMixin.parseMaybeAssign (/Users/gs/Documents/MK-proptech/frontend/node_modules/@babel/parser/lib/index.js:3582:18)
    at FlowParserMixin.parseExpressionBase (/Users/gs/Documents/MK-proptech/frontend/node_modules/@babel/parser/lib/index.js:10788:23)
    at /Users/gs/Documents/MK-proptech/frontend/node_modules/@babel/parser/lib/index.js:10784:39
    at FlowParserMixin.allowInAnd (/Users/gs/Documents/MK-proptech/frontend/node_modules/@babel/parser/lib/index.js:12431:16)
    at FlowParserMixin.parseExpression (/Users/gs/Documents/MK-proptech/frontend/node_modules/@babel/parser/lib/index.js:10784:17)
    at FlowParserMixin.parseReturnStatement (/Users/gs/Documents/MK-proptech/frontend/node_modules/@babel/parser/lib/index.js:13151:28)
    at FlowParserMixin.parseStatementContent (/Users/gs/Documents/MK-proptech/frontend/node_modules/@babel/parser/lib/index.js:12807:21)
    at FlowParserMixin.parseStatementLike (/Users/gs/Documents/MK-proptech/frontend/node_modules/@babel/parser/lib/index.js:12776:17)
    at FlowParserMixin.parseStatementLike (/Users/gs/Documents/MK-proptech/frontend/node_modules/@babel/parser/lib/index.js:2949:24)
    at FlowParserMixin.parseStatementListItem (/Users/gs/Documents/MK-proptech/frontend/node_modules/@babel/parser/lib/index.js:12756:17)
    at FlowParserMixin.parseBlockOrModuleBlockBody (/Users/gs/Documents/MK-proptech/frontend/node_modules/@babel/parser/lib/index.js:13325:61)
    at FlowParserMixin.parseBlockBody (/Users/gs/Documents/MK-proptech/frontend/node_modules/@babel/parser/lib/index.js:13318:10)
    at FlowParserMixin.parseBlock (/Users/gs/Documents/MK-proptech/frontend/node_modules/@babel/parser/lib/index.js:13306:10)
    at FlowParserMixin.parseFunctionBody (/Users/gs/Documents/MK-proptech/frontend/node_modules/@babel/parser/lib/index.js:12110:24)
    at /Users/gs/Documents/MK-proptech/frontend/node_modules/@babel/parser/lib/index.js:2923:63
    at FlowParserMixin.forwardNoArrowParamsConversionAt (/Users/gs/Documents/MK-proptech/frontend/node_modules/@babel/parser/lib/index.js:3099:16)
    at FlowParserMixin.parseFunctionBody (/Users/gs/Documents/MK-proptech/frontend/node_modules/@babel/parser/lib/index.js:2923:12)
    at FlowParserMixin.parseArrowExpression (/Users/gs/Documents/MK-proptech/frontend/node_modules/@babel/parser/lib/index.js:12085:10)
    at FlowParserMixin.parseParenAndDistinguishExpression (/Users/gs/Documents/MK-proptech/frontend/node_modules/@babel/parser/lib/index.js:11695:12)
    at FlowParserMixin.parseParenAndDistinguishExpression (/Users/gs/Documents/MK-proptech/frontend/node_modules/@babel/parser/lib/index.js:3624:18)
    at FlowParserMixin.parseExprAtom (/Users/gs/Documents/MK-proptech/frontend/node_modules/@babel/parser/lib/index.js:11335:23)
    at FlowParserMixin.parseExprAtom (/Users/gs/Documents/MK-proptech/frontend/node_modules/@babel/parser/lib/index.js:4797:20)

ERROR in [eslint] 
src/features/properties/NekretninePage.jsx
  Line 306:2:  Parsing error: Unexpected token (306:2)

webpack compiled with 2 errors
Compiling...
Failed to compile.

[eslint] 
src/features/properties/NekretninePage.jsx
Syntax error: Unexpected token (342:2) (342:2)
ERROR in ./src/features/properties/NekretninePage.jsx
Module build failed (from ./node_modules/babel-loader/lib/index.js):
SyntaxError: /Users/gs/Documents/MK-proptech/frontend/src/features/properties/NekretninePage.jsx: Unexpected token (342:2)

  340 |   return (
  341 |   // Delete Dialog State
> 342 |   const [deleteDialogOpen, setDeleteDialogOpen] = useState(false);
      |   ^
  343 |   const [propertyToDelete, setPropertyToDelete] = useState(null);
  344 |
  345 |   const confirmDelete = async () => {
    at constructor (/Users/gs/Documents/MK-proptech/frontend/node_modules/@babel/parser/lib/index.js:367:19)
    at FlowParserMixin.raise (/Users/gs/Documents/MK-proptech/frontend/node_modules/@babel/parser/lib/index.js:6630:19)
    at FlowParserMixin.unexpected (/Users/gs/Documents/MK-proptech/frontend/node_modules/@babel/parser/lib/index.js:6650:16)
    at FlowParserMixin.parseExprAtom (/Users/gs/Documents/MK-proptech/frontend/node_modules/@babel/parser/lib/index.js:11451:16)
    at FlowParserMixin.parseExprAtom (/Users/gs/Documents/MK-proptech/frontend/node_modules/@babel/parser/lib/index.js:4797:20)
    at FlowParserMixin.parseExprSubscripts (/Users/gs/Documents/MK-proptech/frontend/node_modules/@babel/parser/lib/index.js:11085:23)
    at FlowParserMixin.parseUpdate (/Users/gs/Documents/MK-proptech/frontend/node_modules/@babel/parser/lib/index.js:11070:21)
    at FlowParserMixin.parseMaybeUnary (/Users/gs/Documents/MK-proptech/frontend/node_modules/@babel/parser/lib/index.js:11050:23)
    at FlowParserMixin.parseMaybeUnaryOrPrivate (/Users/gs/Documents/MK-proptech/frontend/node_modules/@babel/parser/lib/index.js:10903:61)
    at FlowParserMixin.parseExprOps (/Users/gs/Documents/MK-proptech/frontend/node_modules/@babel/parser/lib/index.js:10908:23)
    at FlowParserMixin.parseMaybeConditional (/Users/gs/Documents/MK-proptech/frontend/node_modules/@babel/parser/lib/index.js:10885:23)
    at FlowParserMixin.parseMaybeAssign (/Users/gs/Documents/MK-proptech/frontend/node_modules/@babel/parser/lib/index.js:10835:21)
    at FlowParserMixin.parseMaybeAssign (/Users/gs/Documents/MK-proptech/frontend/node_modules/@babel/parser/lib/index.js:3582:18)
    at /Users/gs/Documents/MK-proptech/frontend/node_modules/@babel/parser/lib/index.js:10804:39
    at FlowParserMixin.allowInAnd (/Users/gs/Documents/MK-proptech/frontend/node_modules/@babel/parser/lib/index.js:12436:12)
    at FlowParserMixin.parseMaybeAssignAllowIn (/Users/gs/Documents/MK-proptech/frontend/node_modules/@babel/parser/lib/index.js:10804:17)
    at FlowParserMixin.parseMaybeAssignAllowInOrVoidPattern (/Users/gs/Documents/MK-proptech/frontend/node_modules/@babel/parser/lib/index.js:12503:17)
    at FlowParserMixin.parseParenAndDistinguishExpression (/Users/gs/Documents/MK-proptech/frontend/node_modules/@babel/parser/lib/index.js:11683:28)
    at FlowParserMixin.parseParenAndDistinguishExpression (/Users/gs/Documents/MK-proptech/frontend/node_modules/@babel/parser/lib/index.js:3624:18)
    at FlowParserMixin.parseExprAtom (/Users/gs/Documents/MK-proptech/frontend/node_modules/@babel/parser/lib/index.js:11335:23)
    at FlowParserMixin.parseExprAtom (/Users/gs/Documents/MK-proptech/frontend/node_modules/@babel/parser/lib/index.js:4797:20)
    at FlowParserMixin.parseExprSubscripts (/Users/gs/Documents/MK-proptech/frontend/node_modules/@babel/parser/lib/index.js:11085:23)
    at FlowParserMixin.parseUpdate (/Users/gs/Documents/MK-proptech/frontend/node_modules/@babel/parser/lib/index.js:11070:21)
    at FlowParserMixin.parseMaybeUnary (/Users/gs/Documents/MK-proptech/frontend/node_modules/@babel/parser/lib/index.js:11050:23)
    at FlowParserMixin.parseMaybeUnaryOrPrivate (/Users/gs/Documents/MK-proptech/frontend/node_modules/@babel/parser/lib/index.js:10903:61)
    at FlowParserMixin.parseExprOps (/Users/gs/Documents/MK-proptech/frontend/node_modules/@babel/parser/lib/index.js:10908:23)
    at FlowParserMixin.parseMaybeConditional (/Users/gs/Documents/MK-proptech/frontend/node_modules/@babel/parser/lib/index.js:10885:23)
    at FlowParserMixin.parseMaybeAssign (/Users/gs/Documents/MK-proptech/frontend/node_modules/@babel/parser/lib/index.js:10835:21)
    at FlowParserMixin.parseMaybeAssign (/Users/gs/Documents/MK-proptech/frontend/node_modules/@babel/parser/lib/index.js:3582:18)
    at FlowParserMixin.parseExpressionBase (/Users/gs/Documents/MK-proptech/frontend/node_modules/@babel/parser/lib/index.js:10788:23)
    at /Users/gs/Documents/MK-proptech/frontend/node_modules/@babel/parser/lib/index.js:10784:39
    at FlowParserMixin.allowInAnd (/Users/gs/Documents/MK-proptech/frontend/node_modules/@babel/parser/lib/index.js:12431:16)
    at FlowParserMixin.parseExpression (/Users/gs/Documents/MK-proptech/frontend/node_modules/@babel/parser/lib/index.js:10784:17)
    at FlowParserMixin.parseReturnStatement (/Users/gs/Documents/MK-proptech/frontend/node_modules/@babel/parser/lib/index.js:13151:28)
    at FlowParserMixin.parseStatementContent (/Users/gs/Documents/MK-proptech/frontend/node_modules/@babel/parser/lib/index.js:12807:21)
    at FlowParserMixin.parseStatementLike (/Users/gs/Documents/MK-proptech/frontend/node_modules/@babel/parser/lib/index.js:12776:17)
    at FlowParserMixin.parseStatementLike (/Users/gs/Documents/MK-proptech/frontend/node_modules/@babel/parser/lib/index.js:2949:24)
    at FlowParserMixin.parseStatementListItem (/Users/gs/Documents/MK-proptech/frontend/node_modules/@babel/parser/lib/index.js:12756:17)
    at FlowParserMixin.parseBlockOrModuleBlockBody (/Users/gs/Documents/MK-proptech/frontend/node_modules/@babel/parser/lib/index.js:13325:61)
    at FlowParserMixin.parseBlockBody (/Users/gs/Documents/MK-proptech/frontend/node_modules/@babel/parser/lib/index.js:13318:10)
    at FlowParserMixin.parseBlock (/Users/gs/Documents/MK-proptech/frontend/node_modules/@babel/parser/lib/index.js:13306:10)
    at FlowParserMixin.parseFunctionBody (/Users/gs/Documents/MK-proptech/frontend/node_modules/@babel/parser/lib/index.js:12110:24)
    at /Users/gs/Documents/MK-proptech/frontend/node_modules/@babel/parser/lib/index.js:2923:63
    at FlowParserMixin.forwardNoArrowParamsConversionAt (/Users/gs/Documents/MK-proptech/frontend/node_modules/@babel/parser/lib/index.js:3099:16)
    at FlowParserMixin.parseFunctionBody (/Users/gs/Documents/MK-proptech/frontend/node_modules/@babel/parser/lib/index.js:2923:12)
    at FlowParserMixin.parseArrowExpression (/Users/gs/Documents/MK-proptech/frontend/node_modules/@babel/parser/lib/index.js:12085:10)
    at FlowParserMixin.parseParenAndDistinguishExpression (/Users/gs/Documents/MK-proptech/frontend/node_modules/@babel/parser/lib/index.js:11695:12)
    at FlowParserMixin.parseParenAndDistinguishExpression (/Users/gs/Documents/MK-proptech/frontend/node_modules/@babel/parser/lib/index.js:3624:18)
    at FlowParserMixin.parseExprAtom (/Users/gs/Documents/MK-proptech/frontend/node_modules/@babel/parser/lib/index.js:11335:23)
    at FlowParserMixin.parseExprAtom (/Users/gs/Documents/MK-proptech/frontend/node_modules/@babel/parser/lib/index.js:4797:20)

ERROR in [eslint] 
src/features/properties/NekretninePage.jsx
  Line 342:2:  Parsing error: Unexpected token (342:2)

webpack compiled with 2 errors
Compiling...
Compiled successfully!
webpack compiled successfully
Compiling...
Compiled successfully!
webpack compiled successfully
Compiling...
Compiled successfully!
webpack compiled successfully
Compiling...
Compiled successfully!
webpack compiled successfully
Compiling...
Compiled successfully!
webpack compiled successfully
Compiling...
Compiled successfully!
webpack compiled successfully
Compiling...
Compiled successfully!
webpack compiled successfully
Compiling...
Compiled successfully!
webpack compiled successfully
Compiling...
Compiled successfully!
webpack compiled successfully
Compiling...
Compiled successfully!
webpack compiled successfully
Compiling...
Compiled successfully!
webpack compiled successfully
Compiling...
Compiled successfully!
webpack compiled successfully
Compiling...
Compiled successfully!
webpack compiled successfully
Compiling...
Compiled successfully!
webpack compiled successfully
Compiling...
Compiled successfully!
webpack compiled successfully
Compiling...
Compiled successfully!
webpack compiled successfully
Compiling...
Compiled successfully!
webpack compiled successfully
Compiling...
Compiled successfully!
webpack compiled successfully
Compiling...
Compiled successfully!
webpack compiled successfully
Compiling...
Failed to compile.

[eslint] 
src/App.js
Syntax error: Export 'EntityStoreContext' is not defined. (130:2) (130:2)
ERROR in ./src/App.js
Module build failed (from ./node_modules/babel-loader/lib/index.js):
SyntaxError: /Users/gs/Documents/MK-proptech/frontend/src/App.js: Export 'EntityStoreContext' is not defined. (130:2)

  128 | export {
  129 |   Dashboard,
> 130 |   EntityStoreContext,
      |   ^
  131 |   EntityStoreProvider,
  132 | };
  133 | export default App;
    at constructor (/Users/gs/Documents/MK-proptech/frontend/node_modules/@babel/parser/lib/index.js:367:19)
    at FlowParserMixin.raise (/Users/gs/Documents/MK-proptech/frontend/node_modules/@babel/parser/lib/index.js:6630:19)
    at FlowParserMixin.parseProgram (/Users/gs/Documents/MK-proptech/frontend/node_modules/@babel/parser/lib/index.js:12638:16)
    at FlowParserMixin.parseTopLevel (/Users/gs/Documents/MK-proptech/frontend/node_modules/@babel/parser/lib/index.js:12624:25)
    at FlowParserMixin.parseTopLevel (/Users/gs/Documents/MK-proptech/frontend/node_modules/@babel/parser/lib/index.js:3718:28)
    at FlowParserMixin.parse (/Users/gs/Documents/MK-proptech/frontend/node_modules/@babel/parser/lib/index.js:14501:10)
    at parse (/Users/gs/Documents/MK-proptech/frontend/node_modules/@babel/parser/lib/index.js:14535:38)
    at parser (/Users/gs/Documents/MK-proptech/frontend/node_modules/@babel/core/lib/parser/index.js:41:34)
    at parser.next (<anonymous>)
    at normalizeFile (/Users/gs/Documents/MK-proptech/frontend/node_modules/@babel/core/lib/transformation/normalize-file.js:64:37)
    at normalizeFile.next (<anonymous>)
    at run (/Users/gs/Documents/MK-proptech/frontend/node_modules/@babel/core/lib/transformation/index.js:22:50)
    at run.next (<anonymous>)
    at transform (/Users/gs/Documents/MK-proptech/frontend/node_modules/@babel/core/lib/transform.js:22:33)
    at transform.next (<anonymous>)
    at step (/Users/gs/Documents/MK-proptech/frontend/node_modules/gensync/index.js:261:32)
    at /Users/gs/Documents/MK-proptech/frontend/node_modules/gensync/index.js:273:13
    at async.call.result.err.err (/Users/gs/Documents/MK-proptech/frontend/node_modules/gensync/index.js:223:11)

ERROR in [eslint] 
src/App.js
  Line 130:2:  Parsing error: Export 'EntityStoreContext' is not defined. (130:2)

webpack compiled with 2 errors
Compiling...
Compiled successfully!
webpack compiled successfully
Compiling...
Compiled successfully!
webpack compiled successfully
Compiling...
Compiled successfully!
webpack compiled successfully
Compiling...
Compiled successfully!
webpack compiled successfully
Compiling...
Compiled successfully!
webpack compiled successfully
Compiling...
Compiled successfully!
webpack compiled successfully
Compiling...
Compiled successfully!
webpack compiled successfully
Compiling...
Compiled successfully!
webpack compiled successfully
Compiling...
Compiled successfully!
webpack compiled successfully
Compiling...
Compiled successfully!
webpack compiled successfully
Compiling...
Compiled successfully!
webpack compiled successfully
Compiling...
Compiled successfully!
webpack compiled successfully
Compiling...
Compiled successfully!
webpack compiled successfully
Compiling...
Compiled successfully!
webpack compiled successfully
Compiling...
Compiled successfully!
webpack compiled successfully
Compiling...
Compiled successfully!
webpack compiled successfully
Compiling...
Compiled successfully!
webpack compiled successfully
Compiling...
Failed to compile.

Module not found: Error: Can't resolve '../../components/ui/dialog' in '/Users/gs/Documents/MK-proptech/frontend/src/features/projects/components'
ERROR in ./src/features/projects/components/ProjectDialog.jsx 8:0-127
Module not found: Error: Can't resolve '../../components/ui/dialog' in '/Users/gs/Documents/MK-proptech/frontend/src/features/projects/components'

ERROR in ./src/features/projects/components/ProjectDialog.jsx 9:0-52
Module not found: Error: Can't resolve '../../components/ui/button' in '/Users/gs/Documents/MK-proptech/frontend/src/features/projects/components'

ERROR in ./src/features/projects/components/ProjectDialog.jsx 10:0-50
Module not found: Error: Can't resolve '../../components/ui/input' in '/Users/gs/Documents/MK-proptech/frontend/src/features/projects/components'

ERROR in ./src/features/projects/components/ProjectDialog.jsx 11:0-50
Module not found: Error: Can't resolve '../../components/ui/label' in '/Users/gs/Documents/MK-proptech/frontend/src/features/projects/components'

ERROR in ./src/features/projects/components/ProjectDialog.jsx 12:0-56
Module not found: Error: Can't resolve '../../components/ui/textarea' in '/Users/gs/Documents/MK-proptech/frontend/src/features/projects/components'

ERROR in ./src/features/projects/components/ProjectDialog.jsx 13:0-107
Module not found: Error: Can't resolve '../../components/ui/select' in '/Users/gs/Documents/MK-proptech/frontend/src/features/projects/components'

ERROR in ./src/features/projects/components/ProjectDialog.jsx 14:0-39
Module not found: Error: Can't resolve '../../shared/api' in '/Users/gs/Documents/MK-proptech/frontend/src/features/projects/components'

webpack compiled with 7 errors
Compiling...
Failed to compile.

Module not found: Error: Can't resolve '../../components/ui/dialog' in '/Users/gs/Documents/MK-proptech/frontend/src/features/projects/components'
ERROR in ./src/features/projects/components/ProjectDialog.jsx 8:0-127
Module not found: Error: Can't resolve '../../components/ui/dialog' in '/Users/gs/Documents/MK-proptech/frontend/src/features/projects/components'

ERROR in ./src/features/projects/components/ProjectDialog.jsx 9:0-52
Module not found: Error: Can't resolve '../../components/ui/button' in '/Users/gs/Documents/MK-proptech/frontend/src/features/projects/components'

ERROR in ./src/features/projects/components/ProjectDialog.jsx 10:0-50
Module not found: Error: Can't resolve '../../components/ui/input' in '/Users/gs/Documents/MK-proptech/frontend/src/features/projects/components'

ERROR in ./src/features/projects/components/ProjectDialog.jsx 11:0-50
Module not found: Error: Can't resolve '../../components/ui/label' in '/Users/gs/Documents/MK-proptech/frontend/src/features/projects/components'

ERROR in ./src/features/projects/components/ProjectDialog.jsx 12:0-56
Module not found: Error: Can't resolve '../../components/ui/textarea' in '/Users/gs/Documents/MK-proptech/frontend/src/features/projects/components'

ERROR in ./src/features/projects/components/ProjectDialog.jsx 13:0-107
Module not found: Error: Can't resolve '../../components/ui/select' in '/Users/gs/Documents/MK-proptech/frontend/src/features/projects/components'

ERROR in ./src/features/projects/components/ProjectDialog.jsx 14:0-39
Module not found: Error: Can't resolve '../../shared/api' in '/Users/gs/Documents/MK-proptech/frontend/src/features/projects/components'

webpack compiled with 7 errors
Compiling...
Compiled successfully!
webpack compiled successfully
Compiling...
Compiled successfully!
webpack compiled successfully
Compiling...
Compiled successfully!
webpack compiled successfully
Compiling...
Compiled successfully!
webpack compiled successfully
Compiling...
Compiled successfully!
webpack compiled successfully
Compiling...
Compiled successfully!
webpack compiled successfully
Compiling...
Compiled successfully!
webpack compiled successfully
Compiling...
Compiled successfully!
webpack compiled successfully
Compiling...
Compiled successfully!
webpack compiled successfully
Compiling...
Compiled successfully!
webpack compiled successfully
Compiling...
Compiled successfully!
webpack compiled successfully
Compiling...
Compiled successfully!
webpack compiled successfully
Compiling...
Compiled successfully!
webpack compiled successfully
Compiling...
Failed to compile.

[eslint] 
src/features/projects/ProjectDetailsPage.jsx
Syntax error: 'import' and 'export' may only appear at the top level. (67:4) (67:4)
ERROR in ./src/features/projects/ProjectDetailsPage.jsx
Module build failed (from ./node_modules/babel-loader/lib/index.js):
SyntaxError: /Users/gs/Documents/MK-proptech/frontend/src/features/projects/ProjectDetailsPage.jsx: 'import' and 'export' may only appear at the top level. (67:4)

  65 |     }
  66 |
> 67 |     import {
     |     ^
  68 |         Table,
  69 |         TableBody,
  70 |         TableCell,
    at constructor (/Users/gs/Documents/MK-proptech/frontend/node_modules/@babel/parser/lib/index.js:367:19)
    at FlowParserMixin.raise (/Users/gs/Documents/MK-proptech/frontend/node_modules/@babel/parser/lib/index.js:6630:19)
    at FlowParserMixin.parseStatementContent (/Users/gs/Documents/MK-proptech/frontend/node_modules/@babel/parser/lib/index.js:12880:18)
    at FlowParserMixin.parseStatementLike (/Users/gs/Documents/MK-proptech/frontend/node_modules/@babel/parser/lib/index.js:12776:17)
    at FlowParserMixin.parseStatementLike (/Users/gs/Documents/MK-proptech/frontend/node_modules/@babel/parser/lib/index.js:2949:24)
    at FlowParserMixin.parseStatementListItem (/Users/gs/Documents/MK-proptech/frontend/node_modules/@babel/parser/lib/index.js:12756:17)
    at FlowParserMixin.parseBlockOrModuleBlockBody (/Users/gs/Documents/MK-proptech/frontend/node_modules/@babel/parser/lib/index.js:13325:61)
    at FlowParserMixin.parseBlockBody (/Users/gs/Documents/MK-proptech/frontend/node_modules/@babel/parser/lib/index.js:13318:10)
    at FlowParserMixin.parseBlock (/Users/gs/Documents/MK-proptech/frontend/node_modules/@babel/parser/lib/index.js:13306:10)
    at FlowParserMixin.parseFunctionBody (/Users/gs/Documents/MK-proptech/frontend/node_modules/@babel/parser/lib/index.js:12110:24)
    at FlowParserMixin.parseFunctionBody (/Users/gs/Documents/MK-proptech/frontend/node_modules/@babel/parser/lib/index.js:2926:11)
    at FlowParserMixin.parseFunctionBodyAndFinish (/Users/gs/Documents/MK-proptech/frontend/node_modules/@babel/parser/lib/index.js:12096:10)
    at FlowParserMixin.parseFunctionBodyAndFinish (/Users/gs/Documents/MK-proptech/frontend/node_modules/@babel/parser/lib/index.js:2934:18)
    at /Users/gs/Documents/MK-proptech/frontend/node_modules/@babel/parser/lib/index.js:13454:12
    at FlowParserMixin.withSmartMixTopicForbiddingContext (/Users/gs/Documents/MK-proptech/frontend/node_modules/@babel/parser/lib/index.js:12413:14)
    at FlowParserMixin.parseFunction (/Users/gs/Documents/MK-proptech/frontend/node_modules/@babel/parser/lib/index.js:13453:10)
    at FlowParserMixin.parseExportDefaultExpression (/Users/gs/Documents/MK-proptech/frontend/node_modules/@babel/parser/lib/index.js:13916:19)
    at FlowParserMixin.parseExportDefaultExpression (/Users/gs/Documents/MK-proptech/frontend/node_modules/@babel/parser/lib/index.js:2997:18)
    at FlowParserMixin.parseExport (/Users/gs/Documents/MK-proptech/frontend/node_modules/@babel/parser/lib/index.js:13837:25)
    at FlowParserMixin.parseStatementContent (/Users/gs/Documents/MK-proptech/frontend/node_modules/@babel/parser/lib/index.js:12887:27)
    at FlowParserMixin.parseStatementLike (/Users/gs/Documents/MK-proptech/frontend/node_modules/@babel/parser/lib/index.js:12776:17)
    at FlowParserMixin.parseStatementLike (/Users/gs/Documents/MK-proptech/frontend/node_modules/@babel/parser/lib/index.js:2949:24)
    at FlowParserMixin.parseModuleItem (/Users/gs/Documents/MK-proptech/frontend/node_modules/@babel/parser/lib/index.js:12753:17)
    at FlowParserMixin.parseBlockOrModuleBlockBody (/Users/gs/Documents/MK-proptech/frontend/node_modules/@babel/parser/lib/index.js:13325:36)
    at FlowParserMixin.parseBlockBody (/Users/gs/Documents/MK-proptech/frontend/node_modules/@babel/parser/lib/index.js:13318:10)
    at FlowParserMixin.parseProgram (/Users/gs/Documents/MK-proptech/frontend/node_modules/@babel/parser/lib/index.js:12634:10)
    at FlowParserMixin.parseTopLevel (/Users/gs/Documents/MK-proptech/frontend/node_modules/@babel/parser/lib/index.js:12624:25)
    at FlowParserMixin.parseTopLevel (/Users/gs/Documents/MK-proptech/frontend/node_modules/@babel/parser/lib/index.js:3718:28)
    at FlowParserMixin.parse (/Users/gs/Documents/MK-proptech/frontend/node_modules/@babel/parser/lib/index.js:14501:10)
    at parse (/Users/gs/Documents/MK-proptech/frontend/node_modules/@babel/parser/lib/index.js:14535:38)
    at parser (/Users/gs/Documents/MK-proptech/frontend/node_modules/@babel/core/lib/parser/index.js:41:34)
    at parser.next (<anonymous>)
    at normalizeFile (/Users/gs/Documents/MK-proptech/frontend/node_modules/@babel/core/lib/transformation/normalize-file.js:64:37)
    at normalizeFile.next (<anonymous>)
    at run (/Users/gs/Documents/MK-proptech/frontend/node_modules/@babel/core/lib/transformation/index.js:22:50)
    at run.next (<anonymous>)
    at transform (/Users/gs/Documents/MK-proptech/frontend/node_modules/@babel/core/lib/transform.js:22:33)
    at transform.next (<anonymous>)
    at step (/Users/gs/Documents/MK-proptech/frontend/node_modules/gensync/index.js:261:32)
    at /Users/gs/Documents/MK-proptech/frontend/node_modules/gensync/index.js:273:13
    at async.call.result.err.err (/Users/gs/Documents/MK-proptech/frontend/node_modules/gensync/index.js:223:11)

ERROR in [eslint] 
src/features/projects/ProjectDetailsPage.jsx
  Line 67:4:  Parsing error: 'import' and 'export' may only appear at the top level. (67:4)

webpack compiled with 2 errors
Compiling...
Compiled successfully!
webpack compiled successfully
Compiling...
Compiled successfully!
webpack compiled successfully
Compiling...
Compiled successfully!
webpack compiled successfully
Compiling...
Compiled successfully!
webpack compiled successfully
Compiling...
Compiled successfully!
webpack compiled successfully
Compiling...
Compiled successfully!
webpack compiled successfully
Compiling...
Failed to compile.

[eslint] 
src/features/projects/ProjectDetailsPage.jsx
Syntax error: Expected corresponding JSX closing tag for <div>. (150:16) (150:16)
ERROR in ./src/features/projects/ProjectDetailsPage.jsx
Module build failed (from ./node_modules/babel-loader/lib/index.js):
SyntaxError: /Users/gs/Documents/MK-proptech/frontend/src/features/projects/ProjectDetailsPage.jsx: Expected corresponding JSX closing tag for <div>. (150:16)

  148 |                     </CardContent>
  149 |                 </Card>
> 150 |                 </Card>
      |                 ^
  151 |                 <Card>
  152 |                     <CardHeader className="flex flex-row items-center justify-between space-y-0 pb-2">
  153 |                         <CardTitle className="text-sm font-medium">Projicirani ROI</CardTitle>
    at constructor (/Users/gs/Documents/MK-proptech/frontend/node_modules/@babel/parser/lib/index.js:367:19)
    at FlowParserMixin.raise (/Users/gs/Documents/MK-proptech/frontend/node_modules/@babel/parser/lib/index.js:6630:19)
    at FlowParserMixin.jsxParseElementAt (/Users/gs/Documents/MK-proptech/frontend/node_modules/@babel/parser/lib/index.js:4760:16)
    at FlowParserMixin.jsxParseElementAt (/Users/gs/Documents/MK-proptech/frontend/node_modules/@babel/parser/lib/index.js:4731:32)
    at FlowParserMixin.jsxParseElement (/Users/gs/Documents/MK-proptech/frontend/node_modules/@babel/parser/lib/index.js:4782:17)
    at FlowParserMixin.parseExprAtom (/Users/gs/Documents/MK-proptech/frontend/node_modules/@babel/parser/lib/index.js:4792:19)
    at FlowParserMixin.parseExprSubscripts (/Users/gs/Documents/MK-proptech/frontend/node_modules/@babel/parser/lib/index.js:11085:23)
    at FlowParserMixin.parseUpdate (/Users/gs/Documents/MK-proptech/frontend/node_modules/@babel/parser/lib/index.js:11070:21)
    at FlowParserMixin.parseMaybeUnary (/Users/gs/Documents/MK-proptech/frontend/node_modules/@babel/parser/lib/index.js:11050:23)
    at FlowParserMixin.parseMaybeUnaryOrPrivate (/Users/gs/Documents/MK-proptech/frontend/node_modules/@babel/parser/lib/index.js:10903:61)
    at FlowParserMixin.parseExprOps (/Users/gs/Documents/MK-proptech/frontend/node_modules/@babel/parser/lib/index.js:10908:23)
    at FlowParserMixin.parseMaybeConditional (/Users/gs/Documents/MK-proptech/frontend/node_modules/@babel/parser/lib/index.js:10885:23)
    at FlowParserMixin.parseMaybeAssign (/Users/gs/Documents/MK-proptech/frontend/node_modules/@babel/parser/lib/index.js:10835:21)
    at /Users/gs/Documents/MK-proptech/frontend/node_modules/@babel/parser/lib/index.js:3531:39
    at FlowParserMixin.tryParse (/Users/gs/Documents/MK-proptech/frontend/node_modules/@babel/parser/lib/index.js:6938:20)
    at FlowParserMixin.parseMaybeAssign (/Users/gs/Documents/MK-proptech/frontend/node_modules/@babel/parser/lib/index.js:3531:18)
    at /Users/gs/Documents/MK-proptech/frontend/node_modules/@babel/parser/lib/index.js:10804:39
    at FlowParserMixin.allowInAnd (/Users/gs/Documents/MK-proptech/frontend/node_modules/@babel/parser/lib/index.js:12436:12)
    at FlowParserMixin.parseMaybeAssignAllowIn (/Users/gs/Documents/MK-proptech/frontend/node_modules/@babel/parser/lib/index.js:10804:17)
    at FlowParserMixin.parseMaybeAssignAllowInOrVoidPattern (/Users/gs/Documents/MK-proptech/frontend/node_modules/@babel/parser/lib/index.js:12503:17)
    at FlowParserMixin.parseParenAndDistinguishExpression (/Users/gs/Documents/MK-proptech/frontend/node_modules/@babel/parser/lib/index.js:11683:28)
    at FlowParserMixin.parseParenAndDistinguishExpression (/Users/gs/Documents/MK-proptech/frontend/node_modules/@babel/parser/lib/index.js:3624:18)
    at FlowParserMixin.parseExprAtom (/Users/gs/Documents/MK-proptech/frontend/node_modules/@babel/parser/lib/index.js:11335:23)
    at FlowParserMixin.parseExprAtom (/Users/gs/Documents/MK-proptech/frontend/node_modules/@babel/parser/lib/index.js:4797:20)
    at FlowParserMixin.parseExprSubscripts (/Users/gs/Documents/MK-proptech/frontend/node_modules/@babel/parser/lib/index.js:11085:23)
    at FlowParserMixin.parseUpdate (/Users/gs/Documents/MK-proptech/frontend/node_modules/@babel/parser/lib/index.js:11070:21)
    at FlowParserMixin.parseMaybeUnary (/Users/gs/Documents/MK-proptech/frontend/node_modules/@babel/parser/lib/index.js:11050:23)
    at FlowParserMixin.parseMaybeUnaryOrPrivate (/Users/gs/Documents/MK-proptech/frontend/node_modules/@babel/parser/lib/index.js:10903:61)
    at FlowParserMixin.parseExprOps (/Users/gs/Documents/MK-proptech/frontend/node_modules/@babel/parser/lib/index.js:10908:23)
    at FlowParserMixin.parseMaybeConditional (/Users/gs/Documents/MK-proptech/frontend/node_modules/@babel/parser/lib/index.js:10885:23)
    at FlowParserMixin.parseMaybeAssign (/Users/gs/Documents/MK-proptech/frontend/node_modules/@babel/parser/lib/index.js:10835:21)
    at FlowParserMixin.parseMaybeAssign (/Users/gs/Documents/MK-proptech/frontend/node_modules/@babel/parser/lib/index.js:3582:18)
    at FlowParserMixin.parseExpressionBase (/Users/gs/Documents/MK-proptech/frontend/node_modules/@babel/parser/lib/index.js:10788:23)
    at /Users/gs/Documents/MK-proptech/frontend/node_modules/@babel/parser/lib/index.js:10784:39
    at FlowParserMixin.allowInAnd (/Users/gs/Documents/MK-proptech/frontend/node_modules/@babel/parser/lib/index.js:12431:16)
    at FlowParserMixin.parseExpression (/Users/gs/Documents/MK-proptech/frontend/node_modules/@babel/parser/lib/index.js:10784:17)
    at FlowParserMixin.parseReturnStatement (/Users/gs/Documents/MK-proptech/frontend/node_modules/@babel/parser/lib/index.js:13151:28)
    at FlowParserMixin.parseStatementContent (/Users/gs/Documents/MK-proptech/frontend/node_modules/@babel/parser/lib/index.js:12807:21)
    at FlowParserMixin.parseStatementLike (/Users/gs/Documents/MK-proptech/frontend/node_modules/@babel/parser/lib/index.js:12776:17)
    at FlowParserMixin.parseStatementLike (/Users/gs/Documents/MK-proptech/frontend/node_modules/@babel/parser/lib/index.js:2949:24)
    at FlowParserMixin.parseStatementListItem (/Users/gs/Documents/MK-proptech/frontend/node_modules/@babel/parser/lib/index.js:12756:17)
    at FlowParserMixin.parseBlockOrModuleBlockBody (/Users/gs/Documents/MK-proptech/frontend/node_modules/@babel/parser/lib/index.js:13325:61)
    at FlowParserMixin.parseBlockBody (/Users/gs/Documents/MK-proptech/frontend/node_modules/@babel/parser/lib/index.js:13318:10)
    at FlowParserMixin.parseBlock (/Users/gs/Documents/MK-proptech/frontend/node_modules/@babel/parser/lib/index.js:13306:10)
    at FlowParserMixin.parseFunctionBody (/Users/gs/Documents/MK-proptech/frontend/node_modules/@babel/parser/lib/index.js:12110:24)
    at FlowParserMixin.parseFunctionBody (/Users/gs/Documents/MK-proptech/frontend/node_modules/@babel/parser/lib/index.js:2926:11)
    at FlowParserMixin.parseFunctionBodyAndFinish (/Users/gs/Documents/MK-proptech/frontend/node_modules/@babel/parser/lib/index.js:12096:10)
    at FlowParserMixin.parseFunctionBodyAndFinish (/Users/gs/Documents/MK-proptech/frontend/node_modules/@babel/parser/lib/index.js:2934:18)
    at /Users/gs/Documents/MK-proptech/frontend/node_modules/@babel/parser/lib/index.js:13454:12
    at FlowParserMixin.withSmartMixTopicForbiddingContext (/Users/gs/Documents/MK-proptech/frontend/node_modules/@babel/parser/lib/index.js:12413:14)

ERROR in [eslint] 
src/features/projects/ProjectDetailsPage.jsx
  Line 150:16:  Parsing error: Expected corresponding JSX closing tag for <div>. (150:16)

webpack compiled with 2 errors
Compiling...
Failed to compile.

[eslint] 
src/features/projects/ProjectDetailsPage.jsx
Syntax error: Expected corresponding JSX closing tag for <div>. (150:16) (150:16)
ERROR in ./src/features/projects/ProjectDetailsPage.jsx
Module build failed (from ./node_modules/babel-loader/lib/index.js):
SyntaxError: /Users/gs/Documents/MK-proptech/frontend/src/features/projects/ProjectDetailsPage.jsx: Expected corresponding JSX closing tag for <div>. (150:16)

  148 |                     </CardContent>
  149 |                 </Card>
> 150 |                 </Card>
      |                 ^
  151 |                 <Card>
  152 |                     <CardHeader className="flex flex-row items-center justify-between space-y-0 pb-2">
  153 |                         <CardTitle className="text-sm font-medium">Projicirani ROI</CardTitle>
    at constructor (/Users/gs/Documents/MK-proptech/frontend/node_modules/@babel/parser/lib/index.js:367:19)
    at FlowParserMixin.raise (/Users/gs/Documents/MK-proptech/frontend/node_modules/@babel/parser/lib/index.js:6630:19)
    at FlowParserMixin.jsxParseElementAt (/Users/gs/Documents/MK-proptech/frontend/node_modules/@babel/parser/lib/index.js:4760:16)
    at FlowParserMixin.jsxParseElementAt (/Users/gs/Documents/MK-proptech/frontend/node_modules/@babel/parser/lib/index.js:4731:32)
    at FlowParserMixin.jsxParseElement (/Users/gs/Documents/MK-proptech/frontend/node_modules/@babel/parser/lib/index.js:4782:17)
    at FlowParserMixin.parseExprAtom (/Users/gs/Documents/MK-proptech/frontend/node_modules/@babel/parser/lib/index.js:4792:19)
    at FlowParserMixin.parseExprSubscripts (/Users/gs/Documents/MK-proptech/frontend/node_modules/@babel/parser/lib/index.js:11085:23)
    at FlowParserMixin.parseUpdate (/Users/gs/Documents/MK-proptech/frontend/node_modules/@babel/parser/lib/index.js:11070:21)
    at FlowParserMixin.parseMaybeUnary (/Users/gs/Documents/MK-proptech/frontend/node_modules/@babel/parser/lib/index.js:11050:23)
    at FlowParserMixin.parseMaybeUnaryOrPrivate (/Users/gs/Documents/MK-proptech/frontend/node_modules/@babel/parser/lib/index.js:10903:61)
    at FlowParserMixin.parseExprOps (/Users/gs/Documents/MK-proptech/frontend/node_modules/@babel/parser/lib/index.js:10908:23)
    at FlowParserMixin.parseMaybeConditional (/Users/gs/Documents/MK-proptech/frontend/node_modules/@babel/parser/lib/index.js:10885:23)
    at FlowParserMixin.parseMaybeAssign (/Users/gs/Documents/MK-proptech/frontend/node_modules/@babel/parser/lib/index.js:10835:21)
    at /Users/gs/Documents/MK-proptech/frontend/node_modules/@babel/parser/lib/index.js:3531:39
    at FlowParserMixin.tryParse (/Users/gs/Documents/MK-proptech/frontend/node_modules/@babel/parser/lib/index.js:6938:20)
    at FlowParserMixin.parseMaybeAssign (/Users/gs/Documents/MK-proptech/frontend/node_modules/@babel/parser/lib/index.js:3531:18)
    at /Users/gs/Documents/MK-proptech/frontend/node_modules/@babel/parser/lib/index.js:10804:39
    at FlowParserMixin.allowInAnd (/Users/gs/Documents/MK-proptech/frontend/node_modules/@babel/parser/lib/index.js:12436:12)
    at FlowParserMixin.parseMaybeAssignAllowIn (/Users/gs/Documents/MK-proptech/frontend/node_modules/@babel/parser/lib/index.js:10804:17)
    at FlowParserMixin.parseMaybeAssignAllowInOrVoidPattern (/Users/gs/Documents/MK-proptech/frontend/node_modules/@babel/parser/lib/index.js:12503:17)
    at FlowParserMixin.parseParenAndDistinguishExpression (/Users/gs/Documents/MK-proptech/frontend/node_modules/@babel/parser/lib/index.js:11683:28)
    at FlowParserMixin.parseParenAndDistinguishExpression (/Users/gs/Documents/MK-proptech/frontend/node_modules/@babel/parser/lib/index.js:3624:18)
    at FlowParserMixin.parseExprAtom (/Users/gs/Documents/MK-proptech/frontend/node_modules/@babel/parser/lib/index.js:11335:23)
    at FlowParserMixin.parseExprAtom (/Users/gs/Documents/MK-proptech/frontend/node_modules/@babel/parser/lib/index.js:4797:20)
    at FlowParserMixin.parseExprSubscripts (/Users/gs/Documents/MK-proptech/frontend/node_modules/@babel/parser/lib/index.js:11085:23)
    at FlowParserMixin.parseUpdate (/Users/gs/Documents/MK-proptech/frontend/node_modules/@babel/parser/lib/index.js:11070:21)
    at FlowParserMixin.parseMaybeUnary (/Users/gs/Documents/MK-proptech/frontend/node_modules/@babel/parser/lib/index.js:11050:23)
    at FlowParserMixin.parseMaybeUnaryOrPrivate (/Users/gs/Documents/MK-proptech/frontend/node_modules/@babel/parser/lib/index.js:10903:61)
    at FlowParserMixin.parseExprOps (/Users/gs/Documents/MK-proptech/frontend/node_modules/@babel/parser/lib/index.js:10908:23)
    at FlowParserMixin.parseMaybeConditional (/Users/gs/Documents/MK-proptech/frontend/node_modules/@babel/parser/lib/index.js:10885:23)
    at FlowParserMixin.parseMaybeAssign (/Users/gs/Documents/MK-proptech/frontend/node_modules/@babel/parser/lib/index.js:10835:21)
    at FlowParserMixin.parseMaybeAssign (/Users/gs/Documents/MK-proptech/frontend/node_modules/@babel/parser/lib/index.js:3582:18)
    at FlowParserMixin.parseExpressionBase (/Users/gs/Documents/MK-proptech/frontend/node_modules/@babel/parser/lib/index.js:10788:23)
    at /Users/gs/Documents/MK-proptech/frontend/node_modules/@babel/parser/lib/index.js:10784:39
    at FlowParserMixin.allowInAnd (/Users/gs/Documents/MK-proptech/frontend/node_modules/@babel/parser/lib/index.js:12431:16)
    at FlowParserMixin.parseExpression (/Users/gs/Documents/MK-proptech/frontend/node_modules/@babel/parser/lib/index.js:10784:17)
    at FlowParserMixin.parseReturnStatement (/Users/gs/Documents/MK-proptech/frontend/node_modules/@babel/parser/lib/index.js:13151:28)
    at FlowParserMixin.parseStatementContent (/Users/gs/Documents/MK-proptech/frontend/node_modules/@babel/parser/lib/index.js:12807:21)
    at FlowParserMixin.parseStatementLike (/Users/gs/Documents/MK-proptech/frontend/node_modules/@babel/parser/lib/index.js:12776:17)
    at FlowParserMixin.parseStatementLike (/Users/gs/Documents/MK-proptech/frontend/node_modules/@babel/parser/lib/index.js:2949:24)
    at FlowParserMixin.parseStatementListItem (/Users/gs/Documents/MK-proptech/frontend/node_modules/@babel/parser/lib/index.js:12756:17)
    at FlowParserMixin.parseBlockOrModuleBlockBody (/Users/gs/Documents/MK-proptech/frontend/node_modules/@babel/parser/lib/index.js:13325:61)
    at FlowParserMixin.parseBlockBody (/Users/gs/Documents/MK-proptech/frontend/node_modules/@babel/parser/lib/index.js:13318:10)
    at FlowParserMixin.parseBlock (/Users/gs/Documents/MK-proptech/frontend/node_modules/@babel/parser/lib/index.js:13306:10)
    at FlowParserMixin.parseFunctionBody (/Users/gs/Documents/MK-proptech/frontend/node_modules/@babel/parser/lib/index.js:12110:24)
    at FlowParserMixin.parseFunctionBody (/Users/gs/Documents/MK-proptech/frontend/node_modules/@babel/parser/lib/index.js:2926:11)
    at FlowParserMixin.parseFunctionBodyAndFinish (/Users/gs/Documents/MK-proptech/frontend/node_modules/@babel/parser/lib/index.js:12096:10)
    at FlowParserMixin.parseFunctionBodyAndFinish (/Users/gs/Documents/MK-proptech/frontend/node_modules/@babel/parser/lib/index.js:2934:18)
    at /Users/gs/Documents/MK-proptech/frontend/node_modules/@babel/parser/lib/index.js:13454:12
    at FlowParserMixin.withSmartMixTopicForbiddingContext (/Users/gs/Documents/MK-proptech/frontend/node_modules/@babel/parser/lib/index.js:12413:14)

ERROR in [eslint] 
src/features/projects/ProjectDetailsPage.jsx
  Line 150:16:  Parsing error: Expected corresponding JSX closing tag for <div>. (150:16)

webpack compiled with 2 errors
Compiling...
Compiled successfully!
webpack compiled successfully
Compiling...
Compiled successfully!
webpack compiled successfully
Compiling...
Compiled successfully!
webpack compiled successfully
Compiling...
Compiled successfully!
webpack compiled successfully
Compiling...
Compiled successfully!
webpack compiled successfully
Compiling...
Compiled successfully!
webpack compiled successfully
Compiling...
Compiled successfully!
webpack compiled successfully
Compiling...
Compiled successfully!
webpack compiled successfully
Compiling...
Compiled successfully!
webpack compiled successfully
Compiling...
Compiled successfully!
webpack compiled successfully
Compiling...
Compiled successfully!
webpack compiled successfully
Compiling...
Compiled successfully!
webpack compiled successfully
Compiling...
Compiled successfully!
webpack compiled successfully
Compiling...
Compiled successfully!
webpack compiled successfully
Compiling...
Compiled successfully!
webpack compiled successfully
Compiling...
Compiled successfully!
webpack compiled successfully
Compiling...
Compiled successfully!
webpack compiled successfully
Compiling...
Compiled successfully!
webpack compiled successfully
Compiling...
Compiled successfully!
webpack compiled successfully
Compiling...
Compiled successfully!
webpack compiled successfully
Compiling...
Compiled successfully!
webpack compiled successfully
Compiling...
Compiled successfully!
webpack compiled successfully
Compiling...
Compiled successfully!
webpack compiled successfully
Compiling...
Compiled successfully!
webpack compiled successfully
Compiling...
Compiled successfully!
webpack compiled successfully
Compiling...
Compiled successfully!
webpack compiled successfully
Compiling...
Compiled successfully!
webpack compiled successfully
Compiling...
Compiled successfully!
webpack compiled successfully
Compiling...
Compiled successfully!
webpack compiled successfully
Compiling...
Compiled successfully!
webpack compiled successfully
Compiling...
Compiled successfully!
webpack compiled successfully
Compiling...
Compiled successfully!
webpack compiled successfully
Compiling...
Compiled successfully!
webpack compiled successfully
Compiling...
Compiled successfully!
webpack compiled successfully
Compiling...
Compiled successfully!
webpack compiled successfully
Compiling...
Compiled successfully!
webpack compiled successfully
Compiling...
Compiled successfully!
webpack compiled successfully
Compiling...
Compiled successfully!
webpack compiled successfully
Compiling...
Compiled successfully!
webpack compiled successfully
Compiling...
Compiled successfully!
webpack compiled successfully
Compiling...
Compiled successfully!
webpack compiled successfully
Compiling...
Compiled successfully!
webpack compiled successfully
Compiling...
Compiled successfully!
webpack compiled successfully
Compiling...
Compiled successfully!
webpack compiled successfully
Compiling...
Compiled successfully!
webpack compiled successfully
Compiling...
Compiled successfully!
webpack compiled successfully
